c:\users\paul\source\repos\sph-fluid-solver\sph fluid solver\x64\release\vc143.pdb
c:\users\paul\source\repos\sph-fluid-solver\sph fluid solver\x64\release\testmanager.obj
c:\users\paul\source\repos\sph-fluid-solver\sph fluid solver\x64\release\solidparticle.obj
c:\users\paul\source\repos\sph-fluid-solver\sph fluid solver\x64\release\simulation.obj
c:\users\paul\source\repos\sph-fluid-solver\sph fluid solver\x64\release\renderer.obj
c:\users\paul\source\repos\sph-fluid-solver\sph fluid solver\x64\release\initmanager.obj
c:\users\paul\source\repos\sph-fluid-solver\sph fluid solver\x64\release\parameters.obj
c:\users\paul\source\repos\sph-fluid-solver\sph fluid solver\x64\release\particle.obj
c:\users\paul\source\repos\sph-fluid-solver\sph fluid solver\x64\release\main.obj
c:\users\paul\source\repos\sph-fluid-solver\sph fluid solver\x64\release\hashmanager.obj
c:\users\paul\source\repos\sph-fluid-solver\sph fluid solver\x64\release\functions.obj
c:\users\paul\source\repos\sph-fluid-solver\sph fluid solver\x64\release\fluidparticle.obj
c:\users\paul\source\repos\sph-fluid-solver\sph fluid solver\x64\release\compacthashmanager.obj
c:\users\paul\source\repos\sph-fluid-solver\sph fluid solver\x64\release\sph fluid solver.ipdb
c:\users\paul\source\repos\sph-fluid-solver\sph fluid solver\x64\release\sph fluid solver.iobj
c:\users\paul\source\repos\sph-fluid-solver\x64\release\sph fluid solver.pdb
c:\users\paul\source\repos\sph-fluid-solver\x64\release\sph fluid solver.exe
c:\users\paul\source\repos\sph-fluid-solver\sph fluid solver\x64\release\sph fluid solver.tlog\cl.command.1.tlog
c:\users\paul\source\repos\sph-fluid-solver\sph fluid solver\x64\release\sph fluid solver.tlog\cl.read.1.tlog
c:\users\paul\source\repos\sph-fluid-solver\sph fluid solver\x64\release\sph fluid solver.tlog\cl.write.1.tlog
c:\users\paul\source\repos\sph-fluid-solver\sph fluid solver\x64\release\sph fluid solver.tlog\link.command.1.tlog
c:\users\paul\source\repos\sph-fluid-solver\sph fluid solver\x64\release\sph fluid solver.tlog\link.read.1.tlog
c:\users\paul\source\repos\sph-fluid-solver\sph fluid solver\x64\release\sph fluid solver.tlog\link.write.1.tlog
