  Simulation.cpp
C:\Users\paulk\source\repos\SPH Fluid Solver\SPH Fluid Solver\Simulation.cpp(34,22): warning C4244: "Argument": Konvertierung von "time_t" in "unsigned int", möglicher Datenverlust
C:\Users\paulk\source\repos\SPH Fluid Solver\SPH Fluid Solver\Simulation.cpp(44,39): warning C4267: "Argument": Konvertierung von "size_t" nach "int", Datenverlust möglich
C:\Users\paulk\source\repos\SPH Fluid Solver\SPH Fluid Solver\Simulation.cpp(193,35): warning C4267: "=": Konvertierung von "size_t" nach "int", Datenverlust möglich
C:\Users\paulk\source\repos\SPH Fluid Solver\SPH Fluid Solver\Simulation.cpp(308,97): warning C4267: "Argument": Konvertierung von "size_t" nach "int", Datenverlust möglich
C:\Users\paulk\source\repos\SPH Fluid Solver\SPH Fluid Solver\Simulation.cpp(328,23): warning C4305: "=": Verkürzung von "double" in "float"
C:\Users\paulk\source\repos\SPH Fluid Solver\SPH Fluid Solver\Simulation.cpp(373,76): warning C4244: "Argument": Konvertierung von "const float" in "int", möglicher Datenverlust
C:\Users\paulk\source\repos\SPH Fluid Solver\SPH Fluid Solver\Simulation.cpp(380,31): warning C4244: "Argument": Konvertierung von "double" in "float", möglicher Datenverlust
C:\Users\paulk\source\repos\SPH Fluid Solver\SPH Fluid Solver\Simulation.cpp(380,79): warning C4267: "Argument": Konvertierung von "size_t" nach "int", Datenverlust möglich
C:\Users\paulk\source\repos\SPH Fluid Solver\SPH Fluid Solver\Simulation.cpp(419,41): warning C4267: "Initialisierung": Konvertierung von "size_t" nach "int", Datenverlust möglich
C:\Users\paulk\source\repos\SPH Fluid Solver\SPH Fluid Solver\Simulation.cpp(495,25): warning C4244: "=": Konvertierung von "float" in "int", möglicher Datenverlust
C:\Users\paulk\source\repos\SPH Fluid Solver\SPH Fluid Solver\Simulation.cpp(521,79): warning C4244: "Argument": Konvertierung von "float" in "sf::Uint8", möglicher Datenverlust
C:\Users\paulk\source\repos\SPH Fluid Solver\SPH Fluid Solver\Simulation.cpp(535,102): warning C4244: "Argument": Konvertierung von "int" in "float", möglicher Datenverlust
C:\Users\paulk\source\repos\SPH Fluid Solver\SPH Fluid Solver\Simulation.cpp(535,27): warning C4244: "Argument": Konvertierung von "int" in "float", möglicher Datenverlust
C:\Users\paulk\source\repos\SPH Fluid Solver\SPH Fluid Solver\Simulation.cpp(597,24): warning C4244: "=": Konvertierung von "float" in "int", möglicher Datenverlust
C:\Users\paulk\source\repos\SPH Fluid Solver\SPH Fluid Solver\Simulation.cpp(629,78): warning C4244: "Argument": Konvertierung von "float" in "sf::Uint8", möglicher Datenverlust
C:\Users\paulk\source\repos\SPH Fluid Solver\SPH Fluid Solver\Simulation.cpp(638,58): warning C4244: "Argument": Konvertierung von "int" in "float", möglicher Datenverlust
LINK : warning LNK4075: /INCREMENTAL wird aufgrund der Angabe von /PROFILE ignoriert.
CompactHashManager.obj : warning LNK4075: /EDITANDCONTINUE wird aufgrund der Angabe von /OPT:REF ignoriert.
  SPH Fluid Solver.vcxproj -> C:\Users\paulk\source\repos\SPH Fluid Solver\x64\Debug\SPH Fluid Solver.exe
